<?xml version="1.0" encoding="UTF-8"?>
<testng-results ignored="0" total="2" passed="2" failed="0" skipped="0">
  <reporter-output>
  </reporter-output>
  <suite started-at="2022-09-16T15:18:06 IST" name="Default suite" finished-at="2022-09-16T15:18:20 IST" duration-ms="13308">
    <groups>
    </groups>
    <test started-at="2022-09-16T15:18:06 IST" name="Default test" finished-at="2022-09-16T15:18:20 IST" duration-ms="13308">
      <class name="com.screenshottest.getScreenshot">
        <test-method is-config="true" signature="setup()[pri:0, instance:com.screenshottest.getScreenshot@1613674b]" started-at="2022-09-16T15:18:06 IST" name="setup" finished-at="2022-09-16T15:18:11 IST" duration-ms="4195" status="PASS">
          <reporter-output>
          </reporter-output>
        </test-method> <!-- setup -->
        <test-method signature="testcase1()[pri:0, instance:com.screenshottest.getScreenshot@1613674b]" started-at="2022-09-16T15:18:11 IST" name="testcase1" finished-at="2022-09-16T15:18:11 IST" duration-ms="154" status="PASS">
          <reporter-output>
          </reporter-output>
        </test-method> <!-- testcase1 -->
        <test-method is-config="true" signature="teardown(org.testng.ITestResult)[pri:0, instance:com.screenshottest.getScreenshot@1613674b]" started-at="2022-09-16T15:18:11 IST" name="teardown" finished-at="2022-09-16T15:18:13 IST" duration-ms="2516" status="PASS">
          <params>
            <param index="0">
              <value>
                <![CDATA[[TestResult name=testcase1 status=SUCCESS method=getScreenshot.testcase1()[pri:0, instance:com.screenshottest.getScreenshot@1613674b] output={null}]]]>
              </value>
            </param>
          </params>
          <reporter-output>
          </reporter-output>
        </test-method> <!-- teardown -->
        <test-method is-config="true" signature="setup()[pri:0, instance:com.screenshottest.getScreenshot@1613674b]" started-at="2022-09-16T15:18:13 IST" name="setup" finished-at="2022-09-16T15:18:17 IST" duration-ms="3884" status="PASS">
          <reporter-output>
          </reporter-output>
        </test-method> <!-- setup -->
        <test-method signature="testcase2()[pri:0, instance:com.screenshottest.getScreenshot@1613674b]" started-at="2022-09-16T15:18:17 IST" name="testcase2" finished-at="2022-09-16T15:18:17 IST" duration-ms="2" status="PASS">
          <reporter-output>
          </reporter-output>
        </test-method> <!-- testcase2 -->
        <test-method is-config="true" signature="teardown(org.testng.ITestResult)[pri:0, instance:com.screenshottest.getScreenshot@1613674b]" started-at="2022-09-16T15:18:17 IST" name="teardown" finished-at="2022-09-16T15:18:20 IST" duration-ms="2491" status="PASS">
          <params>
            <param index="0">
              <value>
                <![CDATA[[TestResult name=testcase2 status=SUCCESS method=getScreenshot.testcase2()[pri:0, instance:com.screenshottest.getScreenshot@1613674b] output={null}]]]>
              </value>
            </param>
          </params>
          <reporter-output>
          </reporter-output>
        </test-method> <!-- teardown -->
      </class> <!-- com.screenshottest.getScreenshot -->
    </test> <!-- Default test -->
  </suite> <!-- Default suite -->
</testng-results>
